<?xml version="1.0" encoding="UTF-8"?>
<!-- Generated by org.testng.reporters.JUnitXMLReporter -->
<testsuite hostname="home-PC" ignored="0" name="Test" tests="2" failures="0" timestamp="04 Jan 2019 04:18:00 GMT" time="41.89" errors="0">
  <testcase name="testValidLoginLogout" time="13.982" classname="com.RideallyStageVendor.tests.ValidLoginLogoutTest"/>
  <testcase name="testInvalidLoginLogout" time="12.796" classname="com.RideallyStageVendor.tests.InvalidLoginLogoutTest"/>
</testsuite> <!-- Test -->
