<?xml version="1.0" encoding="UTF-8"?>
<testng-results skipped="0" failed="0" ignored="0" total="1" passed="1">
  <reporter-output>
  </reporter-output>
  <suite name="Default suite" duration-ms="50533" started-at="2019-01-15T06:28:20Z" finished-at="2019-01-15T06:29:10Z">
    <groups>
    </groups>
    <test name="Default test" duration-ms="50533" started-at="2019-01-15T06:28:20Z" finished-at="2019-01-15T06:29:10Z">
      <class name="com.RideallyStageVendor.tests.NewNumbBookingTest">
        <test-method status="PASS" signature="PreCondition()[pri:0, instance:com.RideallyStageVendor.tests.NewNumbBookingTest@556333]" name="PreCondition" is-config="true" duration-ms="9948" started-at="2019-01-15T06:28:20Z" finished-at="2019-01-15T06:28:30Z">
          <reporter-output>
          </reporter-output>
        </test-method> <!-- PreCondition -->
        <test-method status="PASS" signature="testNewNumbBooking()[pri:4, instance:com.RideallyStageVendor.tests.NewNumbBookingTest@556333]" name="testNewNumbBooking" duration-ms="40386" started-at="2019-01-15T06:28:30Z" finished-at="2019-01-15T06:29:10Z">
          <reporter-output>
          </reporter-output>
        </test-method> <!-- testNewNumbBooking -->
        <test-method status="PASS" signature="PostCondition(org.testng.ITestResult)[pri:0, instance:com.RideallyStageVendor.tests.NewNumbBookingTest@556333]" name="PostCondition" is-config="true" duration-ms="166" started-at="2019-01-15T06:29:10Z" finished-at="2019-01-15T06:29:10Z">
          <params>
            <param index="0">
              <value>
                <![CDATA[[TestResult name=testNewNumbBooking status=SUCCESS method=NewNumbBookingTest.testNewNumbBooking()[pri:4, instance:com.RideallyStageVendor.tests.NewNumbBookingTest@556333] output={null}]]]>
              </value>
            </param>
          </params>
          <reporter-output>
          </reporter-output>
        </test-method> <!-- PostCondition -->
      </class> <!-- com.RideallyStageVendor.tests.NewNumbBookingTest -->
    </test> <!-- Default test -->
  </suite> <!-- Default suite -->
</testng-results>
